<?xml version="1.0" encoding="UTF-8"?>
<!-- Generated by org.testng.reporters.JUnitXMLReporter -->
<testsuite hostname="LAPTOP-CVSU372R" ignored="0" name="hottest_dev" tests="6" failures="0" timestamp="30 五月 2018 02:29:33 GMT" time="1.599" errors="0">
  <testcase name="ableChannelTest" time="0.76" classname="testcase.dev.channel.AbleChannel"/>
  <testcase name="searchNewTownChannelListTest" time="0.106" classname="testcase.dev.channel.SearchNewTownChannelListTest"/>
  <testcase name="bannerTest" time="0.143" classname="testcase.dev.hot.BannerTest"/>
  <testcase name="bannerTest" time="0.084" classname="testcase.dev.hot.BannerTest"/>
  <testcase name="bannerTest" time="0.073" classname="testcase.dev.hot.BannerTest"/>
  <testcase name="hotCardTest" time="0.143" classname="testcase.dev.hot.HotCardTest"/>
</testsuite> <!-- hottest_dev -->
