<?xml version="1.0" encoding="UTF-8"?>
<!-- Generated by org.testng.reporters.JUnitXMLReporter -->
<testsuite hostname="LAPTOP-CVSU372R" ignored="0" name="hottest_mst" tests="6" failures="6" timestamp="30 五月 2018 02:29:55 GMT" time="1.899" errors="0">
  <testcase name="ableChannelTest" time="0.768" classname="testcase.master.channel.AbleChannel">
    <failure type="java.lang.NumberFormatException" message="null">
      <![CDATA[java.lang.NumberFormatException: nullat java.lang.Integer.parseInt(Integer.java:542)at java.lang.Integer.parseInt(Integer.java:615)at testcase.master.channel.AbleChannel.ableChannelTest(AbleChannel.java:42)... Removed 24 stack frames]]>
    </failure>
  </testcase> <!-- ableChannelTest -->
  <testcase name="searchNewTownChannelListTest" time="0.158" classname="testcase.master.channel.SearchNewTownChannelListTest">
    <failure type="java.lang.NumberFormatException" message="null">
      <![CDATA[java.lang.NumberFormatException: nullat java.lang.Integer.parseInt(Integer.java:542)at java.lang.Integer.parseInt(Integer.java:615)at testcase.master.channel.SearchNewTownChannelListTest.searchNewTownChannelListTest(SearchNewTownChannelListTest.java:42)... Removed 24 stack frames]]>
    </failure>
  </testcase> <!-- searchNewTownChannelListTest -->
  <testcase name="bannerTest" time="0.173" classname="testcase.master.hot.BannerTest">
    <failure type="java.lang.NumberFormatException" message="null">
      <![CDATA[java.lang.NumberFormatException: nullat java.lang.Integer.parseInt(Integer.java:542)at java.lang.Integer.parseInt(Integer.java:615)at testcase.master.hot.BannerTest.bannerTest(BannerTest.java:51)... Removed 24 stack frames]]>
    </failure>
  </testcase> <!-- bannerTest -->
  <testcase name="bannerTest" time="0.154" classname="testcase.master.hot.BannerTest">
    <failure type="java.lang.NumberFormatException" message="null">
      <![CDATA[java.lang.NumberFormatException: nullat java.lang.Integer.parseInt(Integer.java:542)at java.lang.Integer.parseInt(Integer.java:615)at testcase.master.hot.BannerTest.bannerTest(BannerTest.java:51)... Removed 24 stack frames]]>
    </failure>
  </testcase> <!-- bannerTest -->
  <testcase name="bannerTest" time="0.189" classname="testcase.master.hot.BannerTest">
    <failure type="java.lang.NumberFormatException" message="null">
      <![CDATA[java.lang.NumberFormatException: nullat java.lang.Integer.parseInt(Integer.java:542)at java.lang.Integer.parseInt(Integer.java:615)at testcase.master.hot.BannerTest.bannerTest(BannerTest.java:51)... Removed 24 stack frames]]>
    </failure>
  </testcase> <!-- bannerTest -->
  <testcase name="hotCardTest" time="0.167" classname="testcase.master.hot.HotCardTest">
    <failure type="java.lang.NumberFormatException" message="null">
      <![CDATA[java.lang.NumberFormatException: nullat java.lang.Integer.parseInt(Integer.java:542)at java.lang.Integer.parseInt(Integer.java:615)at testcase.master.hot.HotCardTest.hotCardTest(HotCardTest.java:39)... Removed 24 stack frames]]>
    </failure>
  </testcase> <!-- hotCardTest -->
</testsuite> <!-- hottest_mst -->
